# JRE version: Java(TM) SE Runtime Environment (8.0_31-b13) (build 1.8.0_31-b13)
# Java VM: Java HotSpot(TM) Client VM (25.31-b07 mixed mode, sharing windows-x86 )
Heap:
 def new generation   total 4992K, used 3684K [0x03c00000, 0x04160000, 0x09150000)
  eden space 4480K,  76% used [0x03c00000, 0x03f58da0, 0x04060000)
  from space 512K,  50% used [0x04060000, 0x040a0470, 0x040e0000)
  to   space 512K,   0% used [0x040e0000, 0x040e0000, 0x04160000)
 tenured generation   total 10944K, used 10699K [0x09150000, 0x09c00000, 0x13c00000)
   the space 10944K,  97% used [0x09150000, 0x09bc2e78, 0x09bc3000, 0x09c00000)
 Metaspace       used 1745K, capacity 3210K, committed 3264K, reserved 4480K
GC Heap History (10 events):
Event: 109.867 GC heap before
{Heap before GC invocations=366 (full 1):
 def new generation   total 4992K, used 4709K [0x03c00000, 0x04160000, 0x09150000)
  eden space 4480K,  99% used [0x03c00000, 0x0405b110, 0x04060000)
  from space 512K,  48% used [0x040e0000, 0x0411e538, 0x04160000)
  to   space 512K,   0% used [0x04060000, 0x04060000, 0x040e0000)
 tenured generation   total 10944K, used 10621K [0x09150000, 0x09c00000, 0x13c00000)
   the space 10944K,  97% used [0x09150000, 0x09baf708, 0x09baf800, 0x09c00000)
 Metaspace       used 1745K, capacity 3210K, committed 3264K, reserved 4480K
Event: 109.869 GC heap after
Heap after GC invocations=367 (full 1):
 def new generation   total 4992K, used 272K [0x03c00000, 0x04160000, 0x09150000)
  eden space 4480K,   0% used [0x03c00000, 0x03c00000, 0x04060000)
  from space 512K,  53% used [0x04060000, 0x040a4168, 0x040e0000)
  to   space 512K,   0% used [0x040e0000, 0x040e0000, 0x04160000)
 tenured generation   total 10944K, used 10621K [0x09150000, 0x09c00000, 0x13c00000)
   the space 10944K,  97% used [0x09150000, 0x09baf708, 0x09baf800, 0x09c00000)
 Metaspace       used 1745K, capacity 3210K, committed 3264K, reserved 4480K
}
Event: 110.136 GC heap before
{Heap before GC invocations=367 (full 1):
 def new generation   total 4992K, used 4742K [0x03c00000, 0x04160000, 0x09150000)
  eden space 4480K,  99% used [0x03c00000, 0x0405d8d8, 0x04060000)
  from space 512K,  53% used [0x04060000, 0x040a4168, 0x040e0000)
  to   space 512K,   0% used [0x040e0000, 0x040e0000, 0x04160000)
 tenured generation   total 10944K, used 10621K [0x09150000, 0x09c00000, 0x13c00000)
   the space 10944K,  97% used [0x09150000, 0x09baf708, 0x09baf800, 0x09c00000)
 Metaspace       used 1745K, capacity 3210K, committed 3264K, reserved 4480K
Event: 110.138 GC heap after
Heap after GC invocations=368 (full 1):
 def new generation   total 4992K, used 257K [0x03c00000, 0x04160000, 0x09150000)
  eden space 4480K,   0% used [0x03c00000, 0x03c00000, 0x04060000)
  from space 512K,  50% used [0x040e0000, 0x04120640, 0x04160000)
  to   space 512K,   0% used [0x04060000, 0x04060000, 0x040e0000)
 tenured generation   total 10944K, used 10652K [0x09150000, 0x09c00000, 0x13c00000)
   the space 10944K,  97% used [0x09150000, 0x09bb7308, 0x09bb7400, 0x09c00000)
 Metaspace       used 1745K, capacity 3210K, committed 3264K, reserved 4480K
}
Event: 110.386 GC heap before
{Heap before GC invocations=368 (full 1):
 def new generation   total 4992K, used 4701K [0x03c00000, 0x04160000, 0x09150000)
  eden space 4480K,  99% used [0x03c00000, 0x04057140, 0x04060000)
  from space 512K,  50% used [0x040e0000, 0x04120640, 0x04160000)
  to   space 512K,   0% used [0x04060000, 0x04060000, 0x040e0000)
 tenured generation   total 10944K, used 10652K [0x09150000, 0x09c00000, 0x13c00000)
   the space 10944K,  97% used [0x09150000, 0x09bb7308, 0x09bb7400, 0x09c00000)
 Metaspace       used 1745K, capacity 3210K, committed 3264K, reserved 4480K
Event: 110.388 GC heap after
Heap after GC invocations=369 (full 1):
 def new generation   total 4992K, used 257K [0x03c00000, 0x04160000, 0x09150000)
  eden space 4480K,   0% used [0x03c00000, 0x03c00000, 0x04060000)
  from space 512K,  50% used [0x04060000, 0x040a05c0, 0x040e0000)
  to   space 512K,   0% used [0x040e0000, 0x040e0000, 0x04160000)
 tenured generation   total 10944K, used 10668K [0x09150000, 0x09c00000, 0x13c00000)
   the space 10944K,  97% used [0x09150000, 0x09bbb118, 0x09bbb200, 0x09c00000)
 Metaspace       used 1745K, capacity 3210K, committed 3264K, reserved 4480K
}
Event: 110.663 GC heap before
{Heap before GC invocations=369 (full 1):
 def new generation   total 4992K, used 4737K [0x03c00000, 0x04160000, 0x09150000)
  eden space 4480K, 100% used [0x03c00000, 0x04060000, 0x04060000)
  from space 512K,  50% used [0x04060000, 0x040a05c0, 0x040e0000)
  to   space 512K,   0% used [0x040e0000, 0x040e0000, 0x04160000)
 tenured generation   total 10944K, used 10668K [0x09150000, 0x09c00000, 0x13c00000)
   the space 10944K,  97% used [0x09150000, 0x09bbb118, 0x09bbb200, 0x09c00000)
 Metaspace       used 1745K, capacity 3210K, committed 3264K, reserved 4480K
Event: 110.665 GC heap after
Heap after GC invocations=370 (full 1):
 def new generation   total 4992K, used 257K [0x03c00000, 0x04160000, 0x09150000)
  eden space 4480K,   0% used [0x03c00000, 0x03c00000, 0x04060000)
  from space 512K,  50% used [0x040e0000, 0x041205c0, 0x04160000)
  to   space 512K,   0% used [0x04060000, 0x04060000, 0x040e0000)
 tenured generation   total 10944K, used 10683K [0x09150000, 0x09c00000, 0x13c00000)
   the space 10944K,  97% used [0x09150000, 0x09bbef40, 0x09bbf000, 0x09c00000)
 Metaspace       used 1745K, capacity 3210K, committed 3264K, reserved 4480K
}
Event: 110.933 GC heap before
{Heap before GC invocations=370 (full 1):
 def new generation   total 4992K, used 4737K [0x03c00000, 0x04160000, 0x09150000)
  eden space 4480K, 100% used [0x03c00000, 0x04060000, 0x04060000)
  from space 512K,  50% used [0x040e0000, 0x041205c0, 0x04160000)
  to   space 512K,   0% used [0x04060000, 0x04060000, 0x040e0000)
 tenured generation   total 10944K, used 10683K [0x09150000, 0x09c00000, 0x13c00000)
   the space 10944K,  97% used [0x09150000, 0x09bbef40, 0x09bbf000, 0x09c00000)
 Metaspace       used 1745K, capacity 3210K, committed 3264K, reserved 4480K
Event: 110.935 GC heap after
Heap after GC invocations=371 (full 1):
 def new generation   total 4992K, used 257K [0x03c00000, 0x04160000, 0x09150000)
  eden space 4480K,   0% used [0x03c00000, 0x03c00000, 0x04060000)
  from space 512K,  50% used [0x04060000, 0x040a0470, 0x040e0000)
  to   space 512K,   0% used [0x040e0000, 0x040e0000, 0x04160000)
 tenured generation   total 10944K, used 10699K [0x09150000, 0x09c00000, 0x13c00000)
   the space 10944K,  97% used [0x09150000, 0x09bc2e78, 0x09bc3000, 0x09c00000)
 Metaspace       used 1745K, capacity 3210K, committed 3264K, reserved 4480K
}

